0 info it worked if it ends with ok
1 verbose cli [ '/Users/snake/.nvm/versions/node/v5.0.0/bin/node',
1 verbose cli   '/Users/snake/.nvm/versions/node/v5.0.0/bin/npm',
1 verbose cli   'publish',
1 verbose cli   '--force' ]
2 info using npm@3.3.6
3 info using node@v5.0.0
4 warn using --force I sure hope you know what you are doing.
5 verbose publish [ '.' ]
6 silly cache add args [ '.', null ]
7 verbose cache add spec .
8 silly cache add parsed spec Result {
8 silly cache add   raw: '.',
8 silly cache add   scope: null,
8 silly cache add   name: null,
8 silly cache add   rawSpec: '.',
8 silly cache add   spec: '/Users/snake/Documents/repositories/jcarouselSwipe',
8 silly cache add   type: 'directory' }
9 verbose addLocalDirectory /Users/snake/.npm/jcarouselSwipe/0.3.2/package.tgz not in flight; packing
10 info lifecycle jcarouselSwipe@0.3.2~prepublish: jcarouselSwipe@0.3.2
11 silly lifecycle jcarouselSwipe@0.3.2~prepublish: no script for prepublish, continuing
12 verbose tar pack [ '/Users/snake/.npm/jcarouselSwipe/0.3.2/package.tgz',
12 verbose tar pack   '/Users/snake/Documents/repositories/jcarouselSwipe' ]
13 verbose tarball /Users/snake/.npm/jcarouselSwipe/0.3.2/package.tgz
14 verbose folder /Users/snake/Documents/repositories/jcarouselSwipe
15 verbose addLocalTarball adding from inside cache /Users/snake/.npm/jcarouselSwipe/0.3.2/package.tgz
16 silly cache afterAdd jcarouselSwipe@0.3.2
17 verbose afterAdd /Users/snake/.npm/jcarouselSwipe/0.3.2/package/package.json not in flight; writing
18 verbose afterAdd /Users/snake/.npm/jcarouselSwipe/0.3.2/package/package.json written
19 silly publish { name: 'jcarouselSwipe',
19 silly publish   version: '0.3.2',
19 silly publish   description: 'Adds comfortable swipe gestures to jcarousel',
19 silly publish   author: { name: 'Evgeniy Pelmenev', email: 'g.snake345@gmail.com' },
19 silly publish   license: 'MIT',
19 silly publish   devDependencies:
19 silly publish    { 'browser-sync': '^2.2.3',
19 silly publish      codeceptjs: '*',
19 silly publish      gulp: '*',
19 silly publish      'gulp-exec': '^2.1.2',
19 silly publish      'gulp-load-plugins': '^1.0.0-rc.1',
19 silly publish      'gulp-notify': '^2.2.0',
19 silly publish      'gulp-plumber': '^1.0.1',
19 silly publish      'gulp-rename': '*',
19 silly publish      'gulp-run': '^1.6.12',
19 silly publish      'gulp-uglify': '*',
19 silly publish      'gulp-watch': '^4.1.1',
19 silly publish      rimraf: '^2.3.1',
19 silly publish      'run-sequence': '^1.1.5',
19 silly publish      'selenium-standalone': '^5.1.0',
19 silly publish      webdriverio: '^4.0.5' },
19 silly publish   main: 'dist/jquery.jcarousel-swipe.js',
19 silly publish   scripts: { test: 'echo "Error: no test specified" && exit 1' },
19 silly publish   repository:
19 silly publish    { type: 'git',
19 silly publish      url: 'git+https://github.com/snake-345/jcarouselSwipe.git' },
19 silly publish   bugs: { url: 'https://github.com/snake-345/jcarouselSwipe/issues' },
19 silly publish   homepage: 'https://github.com/snake-345/jcarouselSwipe#readme',
19 silly publish   readme: '# jcarouselSwipe plugin\nAdds support user-friendly swipe gestures.\n\n## Features\n* user-friendly swipe gestures works\n* work with any wrap option(both, first, last, circular)\n* work with vertical carousels\n* easy to use\n\n## Requirments\n* jQuery\n* jquery.jcarousel-core.js(minimum) also you may use bundle version: jquery.jcarousel.js\n\n## How to use\nTo use the plugin include jquery, jcarousel and jcarouselSwipe source files into your HTML document:\n``` HTML\n<script type="text/javascript" src="js/jquery.min.js"></script>\n<script type="text/javascript" src="js/jquery.jcarousel.min.js"></script>\n<script type="text/javascript" src="js/jquery.jcarousel-swipe.min.js"></script>\n```\nand init the plugin:\n``` javascript\n$(\'.jcarousel\')\n    .jcarousel()       // init jcarousel\n    .jcarouselSwipe(); // init jcarouselSwipe\n```\n\n## Options\n### perSwipe \nIt means how many slides will be scrolls at a go.\n``` javascript\n$(\'.jcarousel\').jcarouselSwipe({\n    perSwipe: 3 // by default 1\n});\n```\n\n### draggable\nOn/off dragging items on swipe.\n``` javascript\n$(\'.jcarousel\').jcarouselSwipe({\n    draggable: false // by default true\n});\n```\n\n### method\nWhat method should used to switch slides.\n``` javascript\n$(\'.jcarousel\').jcarouselSwipe({\n    method: \'scrollIntoView\' // by default \'scroll\'\n});\n```\n\n### node.js usage\n\n#####Installation\n`npm install snake-345/jcarouselSwipe`\n\n#####Usage\n```\nvar jcarouselSwipe = require(\'jcarouselSwipe\');\n```\n\n## Examples\nYou can find examples in the corresponding directory. I\'m included my plugin in all jcarousel examples and added vertical carousel example.\n\n## License\nCopyright (c) 2015-2016 Evgeniy Pelmenev. Released under the MIT license.\n',
19 silly publish   readmeFilename: 'README.md',
19 silly publish   gitHead: 'fa45c833ed644ada330d419a6b039a69b01dfc2a',
19 silly publish   _id: 'jcarouselSwipe@0.3.2',
19 silly publish   _shasum: '9f1181ca3f06619e17b7b9bea82bfaf9ce8c751a',
19 silly publish   _from: '.' }
20 verbose getPublishConfig undefined
21 silly mapToRegistry name jcarouselSwipe
22 silly mapToRegistry using default registry
23 silly mapToRegistry registry https://registry.npmjs.org/
24 silly mapToRegistry uri https://registry.npmjs.org/jcarouselSwipe
25 verbose publish registryBase https://registry.npmjs.org/
26 silly publish uploading /Users/snake/.npm/jcarouselSwipe/0.3.2/package.tgz
27 verbose request uri https://registry.npmjs.org/jcarouselSwipe
28 verbose request sending authorization for write operation
29 info attempt registry request try #1 at 12:07:43 AM
30 verbose request using bearer token for auth
31 verbose request id 84ecd96086a2a494
32 http request PUT https://registry.npmjs.org/jcarouselSwipe
33 http 403 https://registry.npmjs.org/jcarouselSwipe
34 verbose headers { 'content-type': 'application/json',
34 verbose headers   'cache-control': 'max-age=300',
34 verbose headers   'content-length': '95',
34 verbose headers   'accept-ranges': 'bytes',
34 verbose headers   date: 'Mon, 18 Jul 2016 22:07:46 GMT',
34 verbose headers   via: '1.1 varnish',
34 verbose headers   connection: 'keep-alive',
34 verbose headers   'x-served-by': 'cache-fra1225-FRA',
34 verbose headers   'x-cache': 'MISS',
34 verbose headers   'x-cache-hits': '0',
34 verbose headers   'x-timer': 'S1468879663.227159,VS0,VE3055',
34 verbose headers   vary: 'Accept-Encoding' }
35 verbose request invalidating /Users/snake/.npm/registry.npmjs.org/jcarouselSwipe on PUT
36 error publish Failed PUT 403
37 verbose stack Error: "You cannot publish over the previously published version 0.3.2." : jcarouselSwipe
37 verbose stack     at makeError (/Users/snake/.nvm/versions/node/v5.0.0/lib/node_modules/npm/node_modules/npm-registry-client/lib/request.js:264:12)
37 verbose stack     at CachingRegistryClient.<anonymous> (/Users/snake/.nvm/versions/node/v5.0.0/lib/node_modules/npm/node_modules/npm-registry-client/lib/request.js:252:14)
37 verbose stack     at Request._callback (/Users/snake/.nvm/versions/node/v5.0.0/lib/node_modules/npm/node_modules/npm-registry-client/lib/request.js:172:14)
37 verbose stack     at Request.self.callback (/Users/snake/.nvm/versions/node/v5.0.0/lib/node_modules/npm/node_modules/request/request.js:198:22)
37 verbose stack     at emitTwo (events.js:87:13)
37 verbose stack     at Request.emit (events.js:172:7)
37 verbose stack     at Request.<anonymous> (/Users/snake/.nvm/versions/node/v5.0.0/lib/node_modules/npm/node_modules/request/request.js:1063:14)
37 verbose stack     at emitOne (events.js:82:20)
37 verbose stack     at Request.emit (events.js:169:7)
37 verbose stack     at IncomingMessage.<anonymous> (/Users/snake/.nvm/versions/node/v5.0.0/lib/node_modules/npm/node_modules/request/request.js:1009:12)
38 verbose statusCode 403
39 verbose pkgid jcarouselSwipe
40 verbose cwd /Users/snake/Documents/repositories/jcarouselSwipe
41 error Darwin 15.5.0
42 error argv "/Users/snake/.nvm/versions/node/v5.0.0/bin/node" "/Users/snake/.nvm/versions/node/v5.0.0/bin/npm" "publish" "--force"
43 error node v5.0.0
44 error npm  v3.3.6
45 error code E403
46 error "You cannot publish over the previously published version 0.3.2." : jcarouselSwipe
47 error If you need help, you may report this error at:
47 error     <https://github.com/npm/npm/issues>
48 verbose exit [ 1, true ]
